# JRE version: OpenJDK Runtime Environment (11.0.10) (build 11.0.10+0-b96-7249189)
# Java VM: OpenJDK 64-Bit Server VM (11.0.10+0-b96-7249189, mixed mode, tiered, compressed oops, g1 gc, windows-amd64)
Heap:
 garbage-first heap   total 225280K, used 182029K [0x0000000080000000, 0x0000000100000000)
  region size 1024K, 58 young (59392K), 5 survivors (5120K)
 Metaspace       used 110972K, capacity 114235K, committed 114660K, reserved 1148928K
  class space    used 14105K, capacity 15198K, committed 15360K, reserved 1048576K
GC Heap History (20 events):
Event: 31.544 GC heap before
{Heap before GC invocations=35 (full 0):
 garbage-first heap   total 155648K, used 122194K [0x0000000080000000, 0x0000000100000000)
  region size 1024K, 38 young (38912K), 4 survivors (4096K)
 Metaspace       used 82618K, capacity 84805K, committed 84964K, reserved 1122304K
  class space    used 10775K, capacity 11499K, committed 11520K, reserved 1048576K
}
Event: 31.558 GC heap after
{Heap after GC invocations=36 (full 0):
 garbage-first heap   total 187392K, used 90112K [0x0000000080000000, 0x0000000100000000)
  region size 1024K, 5 young (5120K), 5 survivors (5120K)
 Metaspace       used 82618K, capacity 84805K, committed 84964K, reserved 1122304K
  class space    used 10775K, capacity 11499K, committed 11520K, reserved 1048576K
}
Event: 33.037 GC heap before
{Heap before GC invocations=37 (full 0):
 garbage-first heap   total 187392K, used 138240K [0x0000000080000000, 0x0000000100000000)
  region size 1024K, 52 young (53248K), 5 survivors (5120K)
 Metaspace       used 89613K, capacity 91930K, committed 92004K, reserved 1128448K
  class space    used 11614K, capacity 12410K, committed 12416K, reserved 1048576K
}
Event: 33.053 GC heap after
{Heap after GC invocations=38 (full 0):
 garbage-first heap   total 187392K, used 92503K [0x0000000080000000, 0x0000000100000000)
  region size 1024K, 5 young (5120K), 5 survivors (5120K)
 Metaspace       used 89613K, capacity 91930K, committed 92004K, reserved 1128448K
  class space    used 11614K, capacity 12410K, committed 12416K, reserved 1048576K
}
Event: 34.485 GC heap before
{Heap before GC invocations=38 (full 0):
 garbage-first heap   total 187392K, used 140631K [0x0000000080000000, 0x0000000100000000)
  region size 1024K, 53 young (54272K), 5 survivors (5120K)
 Metaspace       used 93205K, capacity 95686K, committed 95972K, reserved 1132544K
  class space    used 12080K, capacity 12948K, committed 13056K, reserved 1048576K
}
Event: 34.502 GC heap after
{Heap after GC invocations=39 (full 0):
 garbage-first heap   total 187392K, used 95791K [0x0000000080000000, 0x0000000100000000)
  region size 1024K, 6 young (6144K), 6 survivors (6144K)
 Metaspace       used 93205K, capacity 95686K, committed 95972K, reserved 1132544K
  class space    used 12080K, capacity 12948K, committed 13056K, reserved 1048576K
}
Event: 36.125 GC heap before
{Heap before GC invocations=40 (full 0):
 garbage-first heap   total 187392K, used 143919K [0x0000000080000000, 0x0000000100000000)
  region size 1024K, 54 young (55296K), 6 survivors (6144K)
 Metaspace       used 94160K, capacity 96721K, committed 96740K, reserved 1132544K
  class space    used 12148K, capacity 13037K, committed 13056K, reserved 1048576K
}
Event: 36.143 GC heap after
{Heap after GC invocations=41 (full 0):
 garbage-first heap   total 187392K, used 98665K [0x0000000080000000, 0x0000000100000000)
  region size 1024K, 6 young (6144K), 6 survivors (6144K)
 Metaspace       used 94160K, capacity 96721K, committed 96740K, reserved 1132544K
  class space    used 12148K, capacity 13037K, committed 13056K, reserved 1048576K
}
Event: 38.798 GC heap before
{Heap before GC invocations=41 (full 0):
 garbage-first heap   total 187392K, used 146793K [0x0000000080000000, 0x0000000100000000)
  region size 1024K, 54 young (55296K), 6 survivors (6144K)
 Metaspace       used 99564K, capacity 102102K, committed 102372K, reserved 1138688K
  class space    used 12850K, capacity 13778K, committed 13824K, reserved 1048576K
}
Event: 38.821 GC heap after
{Heap after GC invocations=42 (full 0):
 garbage-first heap   total 225280K, used 102059K [0x0000000080000000, 0x0000000100000000)
  region size 1024K, 7 young (7168K), 7 survivors (7168K)
 Metaspace       used 99564K, capacity 102102K, committed 102372K, reserved 1138688K
  class space    used 12850K, capacity 13778K, committed 13824K, reserved 1048576K
}
Event: 300.971 GC heap before
{Heap before GC invocations=43 (full 0):
 garbage-first heap   total 225280K, used 165547K [0x0000000080000000, 0x0000000100000000)
  region size 1024K, 69 young (70656K), 7 survivors (7168K)
 Metaspace       used 105027K, capacity 107953K, committed 108132K, reserved 1142784K
  class space    used 13555K, capacity 14627K, committed 14720K, reserved 1048576K
}
Event: 300.992 GC heap after
{Heap after GC invocations=44 (full 0):
 garbage-first heap   total 225280K, used 105605K [0x0000000080000000, 0x0000000100000000)
  region size 1024K, 7 young (7168K), 7 survivors (7168K)
 Metaspace       used 105027K, capacity 107953K, committed 108132K, reserved 1142784K
  class space    used 13555K, capacity 14627K, committed 14720K, reserved 1048576K
}
Event: 303.808 GC heap before
{Heap before GC invocations=44 (full 0):
 garbage-first heap   total 225280K, used 175237K [0x0000000080000000, 0x0000000100000000)
  region size 1024K, 76 young (77824K), 7 survivors (7168K)
 Metaspace       used 106090K, capacity 109280K, committed 109540K, reserved 1144832K
  class space    used 13621K, capacity 14779K, committed 14848K, reserved 1048576K
}
Event: 303.832 GC heap after
{Heap after GC invocations=45 (full 0):
 garbage-first heap   total 225280K, used 111581K [0x0000000080000000, 0x0000000100000000)
  region size 1024K, 10 young (10240K), 10 survivors (10240K)
 Metaspace       used 106090K, capacity 109280K, committed 109540K, reserved 1144832K
  class space    used 13621K, capacity 14779K, committed 14848K, reserved 1048576K
}
Event: 305.940 GC heap before
{Heap before GC invocations=45 (full 0):
 garbage-first heap   total 225280K, used 179165K [0x0000000080000000, 0x0000000100000000)
  region size 1024K, 77 young (78848K), 10 survivors (10240K)
 Metaspace       used 106390K, capacity 109645K, committed 109796K, reserved 1144832K
  class space    used 13621K, capacity 14780K, committed 14848K, reserved 1048576K
}
Event: 306.004 GC heap after
{Heap after GC invocations=46 (full 0):
 garbage-first heap   total 225280K, used 116150K [0x0000000080000000, 0x0000000100000000)
  region size 1024K, 5 young (5120K), 5 survivors (5120K)
 Metaspace       used 106390K, capacity 109645K, committed 109796K, reserved 1144832K
  class space    used 13621K, capacity 14780K, committed 14848K, reserved 1048576K
}
Event: 432.231 GC heap before
{Heap before GC invocations=47 (full 0):
 garbage-first heap   total 225280K, used 182710K [0x0000000080000000, 0x0000000100000000)
  region size 1024K, 71 young (72704K), 5 survivors (5120K)
 Metaspace       used 109175K, capacity 112541K, committed 112612K, reserved 1146880K
  class space    used 13926K, capacity 15069K, committed 15104K, reserved 1048576K
}
Event: 432.254 GC heap after
{Heap after GC invocations=48 (full 0):
 garbage-first heap   total 225280K, used 121581K [0x0000000080000000, 0x0000000100000000)
  region size 1024K, 9 young (9216K), 9 survivors (9216K)
 Metaspace       used 109175K, capacity 112541K, committed 112612K, reserved 1146880K
  class space    used 13926K, capacity 15069K, committed 15104K, reserved 1048576K
}
Event: 435.130 GC heap before
{Heap before GC invocations=48 (full 0):
 garbage-first heap   total 225280K, used 184045K [0x0000000080000000, 0x0000000100000000)
  region size 1024K, 71 young (72704K), 9 survivors (9216K)
 Metaspace       used 110845K, capacity 114175K, committed 114404K, reserved 1148928K
  class space    used 14119K, capacity 15242K, committed 15360K, reserved 1048576K
}
Event: 435.171 GC heap after
{Heap after GC invocations=49 (full 0):
 garbage-first heap   total 225280K, used 126733K [0x0000000080000000, 0x0000000100000000)
  region size 1024K, 5 young (5120K), 5 survivors (5120K)
 Metaspace       used 110845K, capacity 114175K, committed 114404K, reserved 1148928K
  class space    used 14119K, capacity 15242K, committed 15360K, reserved 1048576K
}

